<?xml version="1.0" encoding="UTF-8"?>
<!-- Generated by org.testng.reporters.JUnitXMLReporter -->
<testsuite ignored="0" hostname="LAPTOP-APP06KDG" failures="0" tests="4" name="Test" time="7.247" errors="0" timestamp="02 Aug. 2023 01:15:46 GMT">
  <testcase classname="com.sucharita.JiraApi.JiraAPICloudTest" name="testMetadataApiCall" time="4.272"/>
  <testcase classname="com.sucharita.JiraApi.JiraAPICloudTest" name="testCreateIssueApi" time="1.026"/>
  <testcase classname="com.sucharita.JiraApi.JiraAPICloudTest" name="testEditIssueSummaryApi" time="0.54"/>
  <testcase classname="com.sucharita.JiraApi.JiraAPICloudTest" name="testDeleteIssueUsingID" time="0.686"/>
</testsuite> <!-- Test -->
