<?xml version="1.0" encoding="UTF-8"?>
<testng-results ignored="0" total="4" passed="4" failed="0" skipped="0">
  <reporter-output>
  </reporter-output>
  <suite started-at="2023-08-02T01:15:39Z" name="Suite" finished-at="2023-08-02T01:15:46Z" duration-ms="7247">
    <groups>
    </groups>
    <test started-at="2023-08-02T01:15:39Z" name="Test" finished-at="2023-08-02T01:15:46Z" duration-ms="7247">
      <class name="com.sucharita.JiraApi.JiraAPICloudTest">
        <test-method is-config="true" signature="setup()[pri:0, instance:com.sucharita.JiraApi.JiraAPICloudTest@6853425f]" started-at="2023-08-02T01:15:39Z" name="setup" finished-at="2023-08-02T01:15:40Z" duration-ms="687" status="PASS">
          <reporter-output>
          </reporter-output>
        </test-method> <!-- setup -->
        <test-method signature="testMetadataApiCall()[pri:1, instance:com.sucharita.JiraApi.JiraAPICloudTest@6853425f]" started-at="2023-08-02T01:15:40Z" name="testMetadataApiCall" finished-at="2023-08-02T01:15:44Z" duration-ms="4272" status="PASS">
          <reporter-output>
          </reporter-output>
        </test-method> <!-- testMetadataApiCall -->
        <test-method signature="testCreateIssueApi()[pri:2, instance:com.sucharita.JiraApi.JiraAPICloudTest@6853425f]" started-at="2023-08-02T01:15:44Z" name="testCreateIssueApi" finished-at="2023-08-02T01:15:45Z" duration-ms="1026" status="PASS">
          <reporter-output>
          </reporter-output>
        </test-method> <!-- testCreateIssueApi -->
        <test-method signature="testEditIssueSummaryApi()[pri:3, instance:com.sucharita.JiraApi.JiraAPICloudTest@6853425f]" started-at="2023-08-02T01:15:45Z" name="testEditIssueSummaryApi" finished-at="2023-08-02T01:15:46Z" duration-ms="540" status="PASS">
          <reporter-output>
          </reporter-output>
        </test-method> <!-- testEditIssueSummaryApi -->
        <test-method signature="testDeleteIssueUsingID()[pri:4, instance:com.sucharita.JiraApi.JiraAPICloudTest@6853425f]" started-at="2023-08-02T01:15:46Z" name="testDeleteIssueUsingID" finished-at="2023-08-02T01:15:46Z" duration-ms="686" status="PASS">
          <reporter-output>
          </reporter-output>
        </test-method> <!-- testDeleteIssueUsingID -->
      </class> <!-- com.sucharita.JiraApi.JiraAPICloudTest -->
    </test> <!-- Test -->
  </suite> <!-- Suite -->
</testng-results>
